#
# A fatal error has been detected by the Java Runtime Environment:
#
#  EXCEPTION_ACCESS_VIOLATION (0xc0000005) at pc=0x0000000056435018, pid=15776, tid=0x000000000000351c
#
# JRE version: OpenJDK Runtime Environment (8.0_152-b02) (build 1.8.0_152-release-1024-b02)
# Java VM: OpenJDK 64-Bit Server VM (25.152-b02 mixed mode windows-amd64 compressed oops)
# Problematic frame:
# V  [jvm.dll+0x115018]
#
# Failed to write core dump. Minidumps are not enabled by default on client versions of Windows
#
# If you would like to submit a bug report, please visit:
#   http://bugreport.java.com/bugreport/crash.jsp
#

---------------  T H R E A D  ---------------

Current thread (0x00000000027e5800):  GCTaskThread [stack: 0x0000000012980000,0x0000000012a80000] [id=13596]

siginfo: ExceptionCode=0xc0000005, reading address 0xffffffffffffffff

Registers:
RAX=0x0000000012a80000, RBX=0x000000000000e582, RCX=0x0000000000000000, RDX=0x0000000000000008
RSP=0x0000000012a7f6b0, RBP=0x0000000016723470, RSI=0x00000000a3c10bf0, RDI=0x0000000000000040
R8 =0x007fffffffb00000, R9 =0x0000000000000000, R10=0x000000000000000c, R11=0x0000000000000000
R12=0x00000000a3c10cf8, R13=0x0000000000000080, R14=0x00000000a3c10ae8, R15=0x0000000000000080
RIP=0x0000000056435018, EFLAGS=0x0000000000010202

Top of Stack: (sp=0x0000000012a7f6b0)
0x0000000012a7f6b0:   0000000016723470 000000005640f25a
0x0000000012a7f6c0:   000000010012cb00 00000000a3c27538
0x0000000012a7f6d0:   0000000016723470 0000000056435133
0x0000000012a7f6e0:   0000000000000000 00000000000003d8
0x0000000012a7f6f0:   00000000027e5e28 00000000165f5b00
0x0000000012a7f700:   000000000000e582 00000000566e4030
0x0000000012a7f710:   0000000016723470 00000000027e2b20
0x0000000012a7f720:   00000000027e5a50 00000000027e5a50
0x0000000012a7f730:   0000000000000000 0000000000000c00
0x0000000012a7f740:   0000000000000000 0000000000000000
0x0000000012a7f750:   0000000000000000 000000001bde5000
0x0000000012a7f760:   0000000000000001 000000001f17ba01
0x0000000012a7f770:   00000f409ebcf41f 00000000027e5e28
0x0000000012a7f780:   00000000027e5a50 00000000000003d8
0x0000000012a7f790:   00000000027e5a50 00000000027e2b20
0x0000000012a7f7a0:   00000000027e5a40 00000000165f5b00 

Instructions: (pc=0x0000000056435018)
0x0000000056434ff8:   05 73 f9 6a 00 49 c1 e8 03 49 d3 e8 41 0f b6 c0
0x0000000056435008:   49 c1 e8 06 24 3f 0f b6 d0 48 8b 05 88 f9 6a 00
0x0000000056435018:   4a 8b 0c c0 48 0f a3 d1 72 3e 48 8b cf e8 86 0e
0x0000000056435028:   fd ff 84 c0 74 32 48 8b d7 48 8b cd e8 e7 dc fc 


Register to memory mapping:

RAX=0x0000000012a80000 is an unknown value
RBX=0x000000000000e582 is an unknown value
RCX=0x0000000000000000 is an unknown value
RDX=0x0000000000000008 is an unknown value
RSP=0x0000000012a7f6b0 is an unknown value
RBP=0x0000000016723470 is an unknown value
RSI=0x00000000a3c10bf0 is pointing into object: 0x00000000a3c10ae8
[Ljava.util.HashMap$Node; 
 - klass: 'java/util/HashMap$Node'[]
 - length: 128
RDI=0x0000000000000040 is an unknown value
R8 =0x007fffffffb00000 is an unknown value
R9 =0x0000000000000000 is an unknown value
R10=0x000000000000000c is an unknown value
R11=0x0000000000000000 is an unknown value
R12=0x00000000a3c10cf8 is an oop
java.util.LinkedHashMap$Entry 
 - klass: 'java/util/LinkedHashMap$Entry'
R13=0x0000000000000080 is an unknown value
R14=0x00000000a3c10ae8 is an oop
[Ljava.util.HashMap$Node; 
 - klass: 'java/util/HashMap$Node'[]
 - length: 128
R15=0x0000000000000080 is an unknown value


Stack: [0x0000000012980000,0x0000000012a80000],  sp=0x0000000012a7f6b0,  free space=1021k
Native frames: (J=compiled Java code, j=interpreted, Vv=VM code, C=native code)
V  [jvm.dll+0x115018]
V  [jvm.dll+0x3c4030]
V  [jvm.dll+0x3c0dc3]
V  [jvm.dll+0x3beb9e]
V  [jvm.dll+0x26d7ea]
C  [msvcr100.dll+0x21d9f]
C  [msvcr100.dll+0x21e3b]
C  [KERNEL32.DLL+0x13034]
C  [ntdll.dll+0x71431]


---------------  P R O C E S S  ---------------

Java Threads: ( => current thread )
  0x000000001bddd800 JavaThread "RMI RenewClean-[localhost:1092,org.jetbrains.kotlin.daemon.common.LoopbackNetworkInterface$ClientLoopbackSocketFactory@74898f17]" daemon [_thread_blocked, id=17724, stack(0x0000000048980000,0x0000000048a80000)]
  0x000000001bddc800 JavaThread "RMI TCP Connection(467)-127.0.0.1" daemon [_thread_blocked, id=10152, stack(0x0000000048880000,0x0000000048980000)]
  0x000000001bddc000 JavaThread "RMI TCP Connection(466)-127.0.0.1" daemon [_thread_in_native, id=11556, stack(0x0000000048680000,0x0000000048780000)]
  0x000000001bdd9800 JavaThread "RMI TCP Connection(465)-127.0.0.1" daemon [_thread_in_native, id=7256, stack(0x0000000048580000,0x0000000048680000)]
  0x000000001bde5000 JavaThread "RMI RenewClean-[localhost:1092,org.jetbrains.kotlin.daemon.common.LoopbackNetworkInterface$ClientLoopbackSocketFactory@2c4f7eec]" daemon [_thread_blocked, id=19056, stack(0x0000000048480000,0x0000000048580000)]
  0x000000001bde0800 JavaThread "RMI RenewClean-[localhost:1092,org.jetbrains.kotlin.daemon.common.LoopbackNetworkInterface$ClientLoopbackSocketFactory@58b443f2]" daemon [_thread_blocked, id=8508, stack(0x0000000048280000,0x0000000048380000)]
  0x000000001bdde000 JavaThread "RMI RenewClean-[localhost:1092,org.jetbrains.kotlin.daemon.common.LoopbackNetworkInterface$ClientLoopbackSocketFactory@566886a3]" daemon [_thread_blocked, id=19380, stack(0x0000000048080000,0x0000000048180000)]
  0x0000000020589000 JavaThread "RMI RenewClean-[localhost:1092,org.jetbrains.kotlin.daemon.common.LoopbackNetworkInterface$ClientLoopbackSocketFactory@1fc77f6a]" daemon [_thread_blocked, id=1340, stack(0x0000000047d80000,0x0000000047e80000)]
  0x000000002030f800 JavaThread "RMI RenewClean-[localhost:1092,org.jetbrains.kotlin.daemon.common.LoopbackNetworkInterface$ClientLoopbackSocketFactory@3118a5bf]" daemon [_thread_blocked, id=100, stack(0x0000000047b80000,0x0000000047c80000)]
  0x000000001ee34000 JavaThread "RMI RenewClean-[localhost:1092,org.jetbrains.kotlin.daemon.common.LoopbackNetworkInterface$ClientLoopbackSocketFactory@2af480c6]" daemon [_thread_blocked, id=15224, stack(0x0000000047980000,0x0000000047a80000)]
  0x000000002058a000 JavaThread "RMI RenewClean-[localhost:1092,org.jetbrains.kotlin.daemon.common.LoopbackNetworkInterface$ClientLoopbackSocketFactory@7466564f]" daemon [_thread_blocked, id=5536, stack(0x0000000047680000,0x0000000047780000)]
  0x000000001d911800 JavaThread "RMI RenewClean-[localhost:1092,org.jetbrains.kotlin.daemon.common.LoopbackNetworkInterface$ClientLoopbackSocketFactory@13577f1b]" daemon [_thread_blocked, id=16472, stack(0x0000000047480000,0x0000000047580000)]
  0x0000000018977000 JavaThread "RMI RenewClean-[localhost:1092,org.jetbrains.kotlin.daemon.common.LoopbackNetworkInterface$ClientLoopbackSocketFactory@125a1c78]" daemon [_thread_blocked, id=12184, stack(0x0000000047080000,0x0000000047180000)]
  0x0000000018972800 JavaThread "RMI RenewClean-[localhost:1092,org.jetbrains.kotlin.daemon.common.LoopbackNetworkInterface$ClientLoopbackSocketFactory@3133469b]" daemon [_thread_blocked, id=12368, stack(0x0000000046f80000,0x0000000047080000)]
  0x000000001896c000 JavaThread "RMI RenewClean-[localhost:1092,org.jetbrains.kotlin.daemon.common.LoopbackNetworkInterface$ClientLoopbackSocketFactory@485bfff]" daemon [_thread_blocked, id=4760, stack(0x0000000046e80000,0x0000000046f80000)]
  0x0000000020308800 JavaThread "RMI RenewClean-[localhost:1092,org.jetbrains.kotlin.daemon.common.LoopbackNetworkInterface$ClientLoopbackSocketFactory@40c58389]" daemon [_thread_blocked, id=15280, stack(0x0000000046d80000,0x0000000046e80000)]
  0x0000000020309800 JavaThread "RMI RenewClean-[localhost:1092,org.jetbrains.kotlin.daemon.common.LoopbackNetworkInterface$ClientLoopbackSocketFactory@5642f45]" daemon [_thread_blocked, id=8620, stack(0x0000000046b80000,0x0000000046c80000)]
  0x000000002030e800 JavaThread "RMI RenewClean-[localhost:1092,org.jetbrains.kotlin.daemon.common.LoopbackNetworkInterface$ClientLoopbackSocketFactory@2c8f3baa]" daemon [_thread_blocked, id=16508, stack(0x0000000046980000,0x0000000046a80000)]
  0x000000001ac65000 JavaThread "RMI Scheduler(0)" daemon [_thread_blocked, id=11876, stack(0x000000001b960000,0x000000001ba60000)]
  0x00000000027c2800 JavaThread "DestroyJavaVM" [_thread_blocked, id=15364, stack(0x0000000002320000,0x0000000002420000)]
  0x000000001ab72800 JavaThread "GC Daemon" daemon [_thread_blocked, id=7304, stack(0x000000001b4b0000,0x000000001b5b0000)]
  0x000000001ab71800 JavaThread "RMI Reaper" [_thread_blocked, id=15868, stack(0x000000001b3b0000,0x000000001b4b0000)]
  0x000000001ab65000 JavaThread "Timer-0" daemon [_thread_blocked, id=10376, stack(0x000000001b1b0000,0x000000001b2b0000)]
  0x000000001aabb000 JavaThread "RMI TCP Accept-17945" daemon [_thread_in_native, id=4136, stack(0x000000001b0b0000,0x000000001b1b0000)]
  0x0000000018794800 JavaThread "Service Thread" daemon [_thread_blocked, id=3840, stack(0x000000001a6b0000,0x000000001a7b0000)]
  0x0000000018706800 JavaThread "C1 CompilerThread3" daemon [_thread_blocked, id=17860, stack(0x000000001a4b0000,0x000000001a5b0000)]
  0x0000000018703800 JavaThread "C2 CompilerThread2" daemon [_thread_blocked, id=18404, stack(0x000000001a3b0000,0x000000001a4b0000)]
  0x0000000018703000 JavaThread "C2 CompilerThread1" daemon [_thread_blocked, id=11568, stack(0x000000001a2b0000,0x000000001a3b0000)]
  0x000000001677b000 JavaThread "C2 CompilerThread0" daemon [_thread_blocked, id=980, stack(0x000000001a1b0000,0x000000001a2b0000)]
  0x000000001677a000 JavaThread "Attach Listener" daemon [_thread_blocked, id=12088, stack(0x000000001a0b0000,0x000000001a1b0000)]
  0x00000000186ad800 JavaThread "Signal Dispatcher" daemon [_thread_blocked, id=11732, stack(0x0000000019fb0000,0x000000001a0b0000)]
  0x0000000018690800 JavaThread "Finalizer" daemon [_thread_blocked, id=17988, stack(0x0000000018a70000,0x0000000018b70000)]
  0x00000000028b7800 JavaThread "Reference Handler" daemon [_thread_blocked, id=11808, stack(0x0000000018570000,0x0000000018670000)]

Other Threads:
  0x0000000016768000 VMThread [stack: 0x0000000018470000,0x0000000018570000] [id=13408]
  0x000000001871d000 WatcherThread [stack: 0x000000001a7b0000,0x000000001a8b0000] [id=13812]

=>0x00000000027e5800 (exited) GCTaskThread [stack: 0x0000000012980000,0x0000000012a80000] [id=13596]

VM state:at safepoint (normal execution)

VM Mutex/Monitor currently owned by a thread:  ([mutex/lock_event])
[0x00000000029ada70] Threads_lock - owner thread: 0x0000000016768000
[0x00000000029ae4f0] Heap_lock - owner thread: 0x000000001bddc800

Heap:
 PSYoungGen      total 424448K, used 62975K [0x00000000e0000000, 0x0000000100000000, 0x0000000100000000)
  eden space 361472K, 0% used [0x00000000e0000000,0x00000000e0000000,0x00000000f6100000)
  from space 62976K, 99% used [0x00000000fc280000,0x00000000fffffdc0,0x0000000100000000)
  to   space 81408K, 0% used [0x00000000f6100000,0x00000000f6100000,0x00000000fb080000)
 ParOldGen       total 437760K, used 386447K [0x00000000a0000000, 0x00000000bab80000, 0x00000000e0000000)
  object space 437760K, 88% used [0x00000000a0000000,0x00000000b7963d18,0x00000000bab80000)
 Metaspace       used 151610K, capacity 157762K, committed 178200K, reserved 1198080K
  class space    used 17733K, capacity 19176K, committed 29480K, reserved 1048576K

Card table byte_map: [0x0000000011d70000,0x0000000012080000] byte_map_base: 0x0000000011870000

Marking Bits: (ParMarkBitMap*) 0x0000000056ae4970
 Begin Bits: [0x0000000012a80000, 0x0000000014280000)
 End Bits:   [0x0000000014280000, 0x0000000015a80000)

Polling page: 0x00000000022b0000

CodeCache: size=245760Kb used=129556Kb max_used=129571Kb free=116203Kb
 bounds [0x00000000029b0000, 0x000000000a900000, 0x00000000119b0000]
 total_blobs=32876 nmethods=32292 adapters=493
 compilation: enabled

Compilation events (10 events):
Event: 30817.290 Thread 0x0000000018706800 80011       3       com.google.common.collect.Iterators::concat (9 bytes)
Event: 30817.291 Thread 0x0000000018706800 nmethod 80011 0x000000000a8dc0d0 code [0x000000000a8dc2c0, 0x000000000a8dcb08]
Event: 30817.291 Thread 0x0000000018706800 80012       3       com.google.common.collect.ConsumingQueueIterator::computeNext (29 bytes)
Event: 30817.291 Thread 0x0000000018706800 nmethod 80012 0x000000000a8c0690 code [0x000000000a8c0820, 0x000000000a8c0c58]
Event: 30817.291 Thread 0x0000000018706800 80013       3       com.google.common.collect.Maps$ViewCachingAbstractMap::<init> (5 bytes)
Event: 30817.291 Thread 0x0000000018706800 nmethod 80013 0x000000000a8cacd0 code [0x000000000a8cae40, 0x000000000a8cb050]
Event: 30817.293 Thread 0x0000000018703000 80014       4       java.lang.reflect.Proxy::<init> (15 bytes)
Event: 30817.293 Thread 0x0000000018703800 80015       4       com.sun.tools.javac.code.Symtab::enterUnop (54 bytes)
Event: 30817.294 Thread 0x0000000018703000 nmethod 80014 0x0000000007821d10 code [0x0000000007821e40, 0x0000000007821ed8]
Event: 30817.308 Thread 0x0000000018703800 nmethod 80015 0x000000000a8eef50 code [0x000000000a8ef160, 0x000000000a8eff68]

GC Heap History (10 events):
Event: 30390.183 GC heap after
Heap after GC invocations=187 (full 15):
 PSYoungGen      total 455168K, used 47959K [0x00000000e0000000, 0x00000000fff80000, 0x0000000100000000)
  eden space 388608K, 0% used [0x00000000e0000000,0x00000000e0000000,0x00000000f7b80000)
  from space 66560K, 72% used [0x00000000fbd80000,0x00000000fec55c98,0x00000000ffe80000)
  to   space 67584K, 0% used [0x00000000f7b80000,0x00000000f7b80000,0x00000000fbd80000)
 ParOldGen       total 437760K, used 299207K [0x00000000a0000000, 0x00000000bab80000, 0x00000000e0000000)
  object space 437760K, 68% used [0x00000000a0000000,0x00000000b2431f98,0x00000000bab80000)
 Metaspace       used 137653K, capacity 142930K, committed 177944K, reserved 1198080K
  class space    used 15919K, capacity 17146K, committed 29480K, reserved 1048576K
}
Event: 30391.732 GC heap before
{Heap before GC invocations=188 (full 15):
 PSYoungGen      total 455168K, used 436567K [0x00000000e0000000, 0x00000000fff80000, 0x0000000100000000)
  eden space 388608K, 100% used [0x00000000e0000000,0x00000000f7b80000,0x00000000f7b80000)
  from space 66560K, 72% used [0x00000000fbd80000,0x00000000fec55c98,0x00000000ffe80000)
  to   space 67584K, 0% used [0x00000000f7b80000,0x00000000f7b80000,0x00000000fbd80000)
 ParOldGen       total 437760K, used 299207K [0x00000000a0000000, 0x00000000bab80000, 0x00000000e0000000)
  object space 437760K, 68% used [0x00000000a0000000,0x00000000b2431f98,0x00000000bab80000)
 Metaspace       used 139430K, capacity 144948K, committed 177944K, reserved 1198080K
  class space    used 16144K, capacity 17417K, committed 29480K, reserved 1048576K
Event: 30391.749 GC heap after
Heap after GC invocations=188 (full 15):
 PSYoungGen      total 456192K, used 28166K [0x00000000e0000000, 0x00000000fff00000, 0x0000000100000000)
  eden space 388608K, 0% used [0x00000000e0000000,0x00000000e0000000,0x00000000f7b80000)
  from space 67584K, 41% used [0x00000000f7b80000,0x00000000f9701ae8,0x00000000fbd80000)
  to   space 66560K, 0% used [0x00000000fbe00000,0x00000000fbe00000,0x00000000fff00000)
 ParOldGen       total 437760K, used 300975K [0x00000000a0000000, 0x00000000bab80000, 0x00000000e0000000)
  object space 437760K, 68% used [0x00000000a0000000,0x00000000b25ebe78,0x00000000bab80000)
 Metaspace       used 139430K, capacity 144948K, committed 177944K, reserved 1198080K
  class space    used 16144K, capacity 17417K, committed 29480K, reserved 1048576K
}
Event: 30392.863 GC heap before
{Heap before GC invocations=189 (full 15):
 PSYoungGen      total 456192K, used 416774K [0x00000000e0000000, 0x00000000fff00000, 0x0000000100000000)
  eden space 388608K, 100% used [0x00000000e0000000,0x00000000f7b80000,0x00000000f7b80000)
  from space 67584K, 41% used [0x00000000f7b80000,0x00000000f9701ae8,0x00000000fbd80000)
  to   space 66560K, 0% used [0x00000000fbe00000,0x00000000fbe00000,0x00000000fff00000)
 ParOldGen       total 437760K, used 300975K [0x00000000a0000000, 0x00000000bab80000, 0x00000000e0000000)
  object space 437760K, 68% used [0x00000000a0000000,0x00000000b25ebe78,0x00000000bab80000)
 Metaspace       used 139672K, capacity 145172K, committed 177944K, reserved 1198080K
  class space    used 16171K, capacity 17449K, committed 29480K, reserved 1048576K
Event: 30392.910 GC heap after
Heap after GC invocations=189 (full 15):
 PSYoungGen      total 451584K, used 38350K [0x00000000e0000000, 0x00000000ffa00000, 0x0000000100000000)
  eden space 390144K, 0% used [0x00000000e0000000,0x00000000e0000000,0x00000000f7d00000)
  from space 61440K, 62% used [0x00000000fbe00000,0x00000000fe373a00,0x00000000ffa00000)
  to   space 64000K, 0% used [0x00000000f7d00000,0x00000000f7d00000,0x00000000fbb80000)
 ParOldGen       total 437760K, used 323829K [0x00000000a0000000, 0x00000000bab80000, 0x00000000e0000000)
  object space 437760K, 73% used [0x00000000a0000000,0x00000000b3c3d538,0x00000000bab80000)
 Metaspace       used 139672K, capacity 145172K, committed 177944K, reserved 1198080K
  class space    used 16171K, capacity 17449K, committed 29480K, reserved 1048576K
}
Event: 30815.673 GC heap before
{Heap before GC invocations=190 (full 15):
 PSYoungGen      total 451584K, used 427605K [0x00000000e0000000, 0x00000000ffa00000, 0x0000000100000000)
  eden space 390144K, 99% used [0x00000000e0000000,0x00000000f7c21cc8,0x00000000f7d00000)
  from space 61440K, 62% used [0x00000000fbe00000,0x00000000fe373a00,0x00000000ffa00000)
  to   space 64000K, 0% used [0x00000000f7d00000,0x00000000f7d00000,0x00000000fbb80000)
 ParOldGen       total 437760K, used 323829K [0x00000000a0000000, 0x00000000bab80000, 0x00000000e0000000)
  object space 437760K, 73% used [0x00000000a0000000,0x00000000b3c3d538,0x00000000bab80000)
 Metaspace       used 141417K, capacity 147046K, committed 177944K, reserved 1198080K
  class space    used 16365K, capacity 17720K, committed 29480K, reserved 1048576K
Event: 30815.734 GC heap after
Heap after GC invocations=190 (full 15):
 PSYoungGen      total 454144K, used 26850K [0x00000000e0000000, 0x0000000100000000, 0x0000000100000000)
  eden space 390144K, 0% used [0x00000000e0000000,0x00000000e0000000,0x00000000f7d00000)
  from space 64000K, 41% used [0x00000000f7d00000,0x00000000f9738890,0x00000000fbb80000)
  to   space 62976K, 0% used [0x00000000fc280000,0x00000000fc280000,0x0000000100000000)
 ParOldGen       total 437760K, used 356056K [0x00000000a0000000, 0x00000000bab80000, 0x00000000e0000000)
  object space 437760K, 81% used [0x00000000a0000000,0x00000000b5bb60a0,0x00000000bab80000)
 Metaspace       used 141417K, capacity 147046K, committed 177944K, reserved 1198080K
  class space    used 16365K, capacity 17720K, committed 29480K, reserved 1048576K
}
Event: 30817.351 GC heap before
{Heap before GC invocations=191 (full 15):
 PSYoungGen      total 454144K, used 416994K [0x00000000e0000000, 0x0000000100000000, 0x0000000100000000)
  eden space 390144K, 100% used [0x00000000e0000000,0x00000000f7d00000,0x00000000f7d00000)
  from space 64000K, 41% used [0x00000000f7d00000,0x00000000f9738890,0x00000000fbb80000)
  to   space 62976K, 0% used [0x00000000fc280000,0x00000000fc280000,0x0000000100000000)
 ParOldGen       total 437760K, used 356056K [0x00000000a0000000, 0x00000000bab80000, 0x00000000e0000000)
  object space 437760K, 81% used [0x00000000a0000000,0x00000000b5bb60a0,0x00000000bab80000)
 Metaspace       used 151610K, capacity 157762K, committed 178200K, reserved 1198080K
  class space    used 17733K, capacity 19176K, committed 29480K, reserved 1048576K
Event: 30817.419 GC heap after
Heap after GC invocations=191 (full 15):
 PSYoungGen      total 424448K, used 62975K [0x00000000e0000000, 0x0000000100000000, 0x0000000100000000)
  eden space 361472K, 0% used [0x00000000e0000000,0x00000000e0000000,0x00000000f6100000)
  from space 62976K, 99% used [0x00000000fc280000,0x00000000fffffdc0,0x0000000100000000)
  to   space 81408K, 0% used [0x00000000f6100000,0x00000000f6100000,0x00000000fb080000)
 ParOldGen       total 437760K, used 386447K [0x00000000a0000000, 0x00000000bab80000, 0x00000000e0000000)
  object space 437760K, 88% used [0x00000000a0000000,0x00000000b7963d18,0x00000000bab80000)
 Metaspace       used 151610K, capacity 157762K, committed 178200K, reserved 1198080K
  class space    used 17733K, capacity 19176K, committed 29480K, reserved 1048576K
}
Event: 30817.419 GC heap before
{Heap before GC invocations=192 (full 16):
 PSYoungGen      total 424448K, used 62975K [0x00000000e0000000, 0x0000000100000000, 0x0000000100000000)
  eden space 361472K, 0% used [0x00000000e0000000,0x00000000e0000000,0x00000000f6100000)
  from space 62976K, 99% used [0x00000000fc280000,0x00000000fffffdc0,0x0000000100000000)
  to   space 81408K, 0% used [0x00000000f6100000,0x00000000f6100000,0x00000000fb080000)
 ParOldGen       total 437760K, used 386447K [0x00000000a0000000, 0x00000000bab80000, 0x00000000e0000000)
  object space 437760K, 88% used [0x00000000a0000000,0x00000000b7963d18,0x00000000bab80000)
 Metaspace       used 151610K, capacity 157762K, committed 178200K, reserved 1198080K
  class space    used 17733K, capacity 19176K, committed 29480K, reserved 1048576K

Deoptimization events (10 events):
Event: 30816.842 Thread 0x000000001bddc800 Uncommon trap: reason=array_check action=maybe_recompile pc=0x00000000095d6574 method=java.util.Arrays.fill([Ljava/lang/Object;Ljava/lang/Object;)V @ 13
Event: 30816.880 Thread 0x000000001bddc800 Uncommon trap: reason=bimorphic action=maybe_recompile pc=0x000000000a6d43f8 method=com.google.common.collect.RegularImmutableSet.contains(Ljava/lang/Object;)Z @ 42
Event: 30816.881 Thread 0x000000001bddc800 Uncommon trap: reason=bimorphic action=maybe_recompile pc=0x000000000a6d43f8 method=com.google.common.collect.RegularImmutableSet.contains(Ljava/lang/Object;)Z @ 42
Event: 30816.881 Thread 0x000000001bddc800 Uncommon trap: reason=bimorphic action=maybe_recompile pc=0x000000000a6d43f8 method=com.google.common.collect.RegularImmutableSet.contains(Ljava/lang/Object;)Z @ 42
Event: 30816.881 Thread 0x000000001bddc800 Uncommon trap: reason=bimorphic action=maybe_recompile pc=0x000000000a6d43f8 method=com.google.common.collect.RegularImmutableSet.contains(Ljava/lang/Object;)Z @ 42
Event: 30816.925 Thread 0x000000001bddc800 Uncommon trap: reason=unstable_if action=reinterpret pc=0x000000000a6f25f0 method=dagger.internal.codegen.DependencyRequest$Kind.from(Ljavax/lang/model/type/TypeMirror;)Ljava/util/Optional; @ 31
Event: 30816.925 Thread 0x000000001bddc800 Uncommon trap: reason=unstable_if action=reinterpret pc=0x000000000a6bd48c method=dagger.internal.codegen.DependencyRequest$Kind.from(Ljavax/lang/model/type/TypeMirror;)Ljava/util/Optional; @ 31
Event: 30816.933 Thread 0x000000001bddc800 Uncommon trap: reason=unstable_if action=reinterpret pc=0x000000000a62c7f8 method=com.google.common.collect.ImmutableCollection$Builder.expandedCapacity(II)I @ 24
Event: 30817.097 Thread 0x000000001bddc800 Uncommon trap: reason=unloaded action=reinterpret pc=0x000000000a63c2e4 method=org.openjdk.tools.javac.parser.JavaTokenizer.readToken()Lorg/openjdk/tools/javac/parser/Tokens$Token; @ 2196
Event: 30817.159 Thread 0x000000001bddc800 Uncommon trap: reason=array_check action=maybe_recompile pc=0x00000000095d6574 method=java.util.Arrays.fill([Ljava/lang/Object;Ljava/lang/Object;)V @ 13

Classes redefined (0 events):
No events

Internal exceptions (10 events):
Event: 30393.316 Thread 0x000000001bdd9800 Exception <a 'sun/nio/fs/WindowsException'> (0x00000000e8f09b20) thrown at [D:\src\AOSP-openjdk-cygwin\jdk8u\hotspot\src\share\vm\prims\jni.cpp, line 709]
Event: 30393.316 Thread 0x000000001bdd9800 Exception <a 'java/io/FileNotFoundException'> (0x00000000e8f0adb8) thrown at [D:\src\AOSP-openjdk-cygwin\jdk8u\hotspot\src\share\vm\prims\jni.cpp, line 709]
Event: 30393.316 Thread 0x000000001bdd9800 Exception <a 'java/io/FileNotFoundException'> (0x00000000e8f0be38) thrown at [D:\src\AOSP-openjdk-cygwin\jdk8u\hotspot\src\share\vm\prims\jni.cpp, line 709]
Event: 30814.503 Thread 0x000000001bde2000 Exception <a 'java/lang/InterruptedException'> (0x00000000eaa5e658) thrown at [D:\src\AOSP-openjdk-cygwin\jdk8u\hotspot\src\share\vm\runtime\objectMonitor.cpp, line 1684]
Event: 30814.513 Thread 0x000000001bddc000 Exception <a 'java/io/FileNotFoundException'> (0x00000000eacbf648) thrown at [D:\src\AOSP-openjdk-cygwin\jdk8u\hotspot\src\share\vm\prims\jni.cpp, line 709]
Event: 30814.513 Thread 0x000000001bddc000 Exception <a 'sun/nio/fs/WindowsException'> (0x00000000eacc0a20) thrown at [D:\src\AOSP-openjdk-cygwin\jdk8u\hotspot\src\share\vm\prims\jni.cpp, line 709]
Event: 30814.517 Thread 0x000000001bddc000 Exception <a 'sun/nio/fs/WindowsException'> (0x00000000eacc4440) thrown at [D:\src\AOSP-openjdk-cygwin\jdk8u\hotspot\src\share\vm\prims\jni.cpp, line 709]
Event: 30814.517 Thread 0x000000001bddc000 Exception <a 'java/io/FileNotFoundException'> (0x00000000eacc5318) thrown at [D:\src\AOSP-openjdk-cygwin\jdk8u\hotspot\src\share\vm\prims\jni.cpp, line 709]
Event: 30814.517 Thread 0x000000001bddc000 Exception <a 'java/io/FileNotFoundException'> (0x00000000eacc6428) thrown at [D:\src\AOSP-openjdk-cygwin\jdk8u\hotspot\src\share\vm\prims\jni.cpp, line 709]
Event: 30815.446 Thread 0x000000001bddd800 Exception <a 'java/lang/InterruptedException'> (0x00000000f41c2440) thrown at [D:\src\AOSP-openjdk-cygwin\jdk8u\hotspot\src\share\vm\runtime\objectMonitor.cpp, line 1684]

Events (10 events):
Event: 30817.159 Thread 0x000000001bddc800 DEOPT UNPACKING pc=0x00000000029f557b sp=0x000000004897b778 mode 2
Event: 30817.185 loading class com/google/common/collect/Platform
Event: 30817.185 loading class com/google/common/collect/Platform done
Event: 30817.188 loading class com/google/googlejavaformat/java/JavaInputAstVisitor$BreakOrNot
Event: 30817.188 loading class com/google/googlejavaformat/java/JavaInputAstVisitor$BreakOrNot done
Event: 30817.201 Executing VM operation: ForceSafepoint
Event: 30817.201 Executing VM operation: ForceSafepoint done
Event: 30817.223 loading class dagger/android/processor/AndroidMapKeyValidator
Event: 30817.223 loading class dagger/android/processor/AndroidMapKeyValidator done
Event: 30817.351 Executing VM operation: ParallelGCFailedAllocation


Dynamic libraries:
0x00007ff63ab00000 - 0x00007ff63ab31000 	C:\Program Files\Android Studio\jre\jre\bin\java.exe
0x00007ff91c150000 - 0x00007ff91c331000 	C:\Windows\SYSTEM32\ntdll.dll
0x00007ff91b300000 - 0x00007ff91b3b2000 	C:\Windows\System32\KERNEL32.DLL
0x00007ff918540000 - 0x00007ff9187b3000 	C:\Windows\System32\KERNELBASE.dll
0x00007ff9195e0000 - 0x00007ff919681000 	C:\Windows\System32\ADVAPI32.dll
0x00007ff919ae0000 - 0x00007ff919b7e000 	C:\Windows\System32\msvcrt.dll
0x00007ff91b060000 - 0x00007ff91b0bb000 	C:\Windows\System32\sechost.dll
0x00007ff91bcc0000 - 0x00007ff91bde4000 	C:\Windows\System32\RPCRT4.dll
0x00007ff91b7f0000 - 0x00007ff91b980000 	C:\Windows\System32\USER32.dll
0x00007ff918520000 - 0x00007ff918540000 	C:\Windows\System32\win32u.dll
0x00007ff91afd0000 - 0x00007ff91aff8000 	C:\Windows\System32\GDI32.dll
0x00007ff918810000 - 0x00007ff9189a2000 	C:\Windows\System32\gdi32full.dll
0x00007ff9194e0000 - 0x00007ff91957f000 	C:\Windows\System32\msvcp_win.dll
0x00007ff9189b0000 - 0x00007ff918aaa000 	C:\Windows\System32\ucrtbase.dll
0x00007ff90ebb0000 - 0x00007ff90ee19000 	C:\Windows\WinSxS\amd64_microsoft.windows.common-controls_6595b64144ccf1df_6.0.17134.112_none_fb3f961b30681c12\COMCTL32.dll
0x00007ff91bdf0000 - 0x00007ff91c113000 	C:\Windows\System32\combase.dll
0x00007ff918ca0000 - 0x00007ff918d1a000 	C:\Windows\System32\bcryptPrimitives.dll
0x00007ff91bc30000 - 0x00007ff91bc5d000 	C:\Windows\System32\IMM32.DLL
0x00007ff917380000 - 0x00007ff9173ab000 	C:\Program Files\MacType\MacType64.dll
0x00007ff917150000 - 0x00007ff91719f000 	C:\Program Files\MacType\Easyhk64.dll
0x00007ff917050000 - 0x00007ff91714e000 	C:\Program Files\MacType\MacType64.Core.dll
0x00007ff916a80000 - 0x00007ff917047000 	C:\Windows\SYSTEM32\d2d1.dll
0x00007ff916740000 - 0x00007ff916a5c000 	C:\Windows\SYSTEM32\dwrite.dll
0x0000000053f20000 - 0x0000000053ff2000 	C:\Program Files\Android Studio\jre\jre\bin\msvcr100.dll
0x0000000056320000 - 0x0000000056b5f000 	C:\Program Files\Android Studio\jre\jre\bin\server\jvm.dll
0x0000000002260000 - 0x0000000002268000 	C:\Windows\System32\PSAPI.DLL
0x00007ff90c320000 - 0x00007ff90c329000 	C:\Windows\SYSTEM32\WSOCK32.dll
0x00007ff914da0000 - 0x00007ff914dc3000 	C:\Windows\SYSTEM32\WINMM.dll
0x00007ff91b580000 - 0x00007ff91b5ec000 	C:\Windows\System32\WS2_32.dll
0x00007ff913510000 - 0x00007ff91351a000 	C:\Windows\SYSTEM32\VERSION.dll
0x00007ff914d70000 - 0x00007ff914d9a000 	C:\Windows\SYSTEM32\WINMMBASE.dll
0x00007ff9187c0000 - 0x00007ff918809000 	C:\Windows\System32\cfgmgr32.dll
0x00007ff90c1e0000 - 0x00007ff90c1ef000 	C:\Program Files\Android Studio\jre\jre\bin\verify.dll
0x00007ff8ffd00000 - 0x00007ff8ffd29000 	C:\Program Files\Android Studio\jre\jre\bin\java.dll
0x00007ff905da0000 - 0x00007ff905db6000 	C:\Program Files\Android Studio\jre\jre\bin\zip.dll
0x0000000018b70000 - 0x0000000019fb0000 	C:\Windows\System32\SHELL32.dll
0x00007ff91b220000 - 0x00007ff91b2c9000 	C:\Windows\System32\shcore.dll
0x00007ff918d20000 - 0x00007ff91942d000 	C:\Windows\System32\windows.storage.dll
0x0000000002920000 - 0x0000000002971000 	C:\Windows\System32\shlwapi.dll
0x00007ff9184e0000 - 0x00007ff9184f1000 	C:\Windows\System32\kernel.appcore.dll
0x00007ff918470000 - 0x00007ff91848f000 	C:\Windows\System32\profapi.dll
0x00007ff918490000 - 0x00007ff9184dc000 	C:\Windows\System32\powrprof.dll
0x00007ff918460000 - 0x00007ff91846a000 	C:\Windows\System32\FLTLIB.DLL
0x00007ff9084a0000 - 0x00007ff9084ad000 	C:\Program Files\Android Studio\jre\jre\bin\management.dll
0x00007ff905d00000 - 0x00007ff905d1a000 	C:\Program Files\Android Studio\jre\jre\bin\net.dll
0x00007ff917ce0000 - 0x00007ff917d46000 	C:\Windows\system32\mswsock.dll
0x00007ff904a40000 - 0x00007ff904a51000 	C:\Program Files\Android Studio\jre\jre\bin\nio.dll
0x00007ff917e90000 - 0x00007ff917ea7000 	C:\Windows\SYSTEM32\CRYPTSP.dll
0x00007ff9178c0000 - 0x00007ff9178f3000 	C:\Windows\system32\rsaenh.dll
0x00007ff917fc0000 - 0x00007ff917fe5000 	C:\Windows\SYSTEM32\bcrypt.dll
0x00007ff918390000 - 0x00007ff9183b8000 	C:\Windows\SYSTEM32\USERENV.dll
0x00007ff917eb0000 - 0x00007ff917ebb000 	C:\Windows\SYSTEM32\CRYPTBASE.dll
0x00007ff917a60000 - 0x00007ff917a98000 	C:\Windows\SYSTEM32\IPHLPAPI.DLL
0x00007ff91b2f0000 - 0x00007ff91b2f8000 	C:\Windows\System32\NSI.dll
0x00007ff912860000 - 0x00007ff912876000 	C:\Windows\SYSTEM32\dhcpcsvc6.DLL
0x00007ff912840000 - 0x00007ff91285a000 	C:\Windows\SYSTEM32\dhcpcsvc.DLL
0x00007ff9051d0000 - 0x00007ff905399000 	C:\Windows\SYSTEM32\dbghelp.dll

VM Arguments:
jvm_args: -Djava.awt.headless=true -Djava.rmi.server.hostname=localhost -Xmx1536m -Dkotlin.environment.keepalive 
java_command: org.jetbrains.kotlin.daemon.KotlinCompileDaemon --daemon-runFilesPath C:\Users\Yuki\AppData\Local\kotlin\daemon --daemon-autoshutdownIdleSeconds=7200 --daemon-compilerClasspath C:\Users\Yuki\.gradle\caches\modules-2\files-2.1\org.jetbrains.kotlin\kotlin-compiler-embeddable\1.2.50\6bf096d7a201b8734583b25d90dc3a70fa768628\kotlin-compiler-embeddable-1.2.50.jar;C:\Users\Yuki\.gradle\caches\modules-2\files-2.1\org.jetbrains.kotlin\kotlin-stdlib\1.2.50\66d47b004c5b8a1d2d1df9e463187390ed741316\kotlin-stdlib-1.2.50.jar;C:\Users\Yuki\.gradle\caches\modules-2\files-2.1\org.jetbrains.kotlin\kotlin-script-runtime\1.2.50\f7f5f9ae0344c2d14ca41ca740d17143ba2ed3bc\kotlin-script-runtime-1.2.50.jar;C:\Users\Yuki\.gradle\caches\modules-2\files-2.1\org.jetbrains.kotlin\kotlin-reflect\1.2.50\9fab8887f91c8e17cce1a7522f45dc25976e57b9\kotlin-reflect-1.2.50.jar;C:\Users\Yuki\.gradle\caches\modules-2\files-2.1\org.jetbrains.kotlin\kotlin-scripting-common\1.2.50\21153667cc03f6d39ce8355b7d96aca8e07a5c7b\kotlin-scripting-common-1.2.50.jar;C:\Users\Yuki\.gradle\caches\modules-2\files-2.1\org.jetbrains.kotlin\kotlin-scripting-jvm\1.2.50\c67d7f91d20e22e8dda8101cad1e673d37f86bf9\kotlin-scripting-jvm-1.2.50.jar;C:\Users\Yuki\.gradle\caches\modules-2\files-2.1\org.jetbrains.kotlinx\kotlinx-coroutines-core\0.20\5f3fa9b5b2dc9cfc0d9358d5b2cab154d590a564\kotlinx-coroutines-core-0.20.jar;C:\Program Files\Android Studio\jre\lib\tools.jar
java_class_path (initial): C:\Users\Yuki\.gradle\caches\modules-2\files-2.1\org.jetbrains.kotlin\kotlin-compiler-embeddable\1.2.50\6bf096d7a201b8734583b25d90dc3a70fa768628\kotlin-compiler-embeddable-1.2.50.jar;C:\Users\Yuki\.gradle\caches\modules-2\files-2.1\org.jetbrains.kotlin\kotlin-stdlib\1.2.50\66d47b004c5b8a1d2d1df9e463187390ed741316\kotlin-stdlib-1.2.50.jar;C:\Users\Yuki\.gradle\caches\modules-2\files-2.1\org.jetbrains.kotlin\kotlin-script-runtime\1.2.50\f7f5f9ae0344c2d14ca41ca740d17143ba2ed3bc\kotlin-script-runtime-1.2.50.jar;C:\Users\Yuki\.gradle\caches\modules-2\files-2.1\org.jetbrains.kotlin\kotlin-reflect\1.2.50\9fab8887f91c8e17cce1a7522f45dc25976e57b9\kotlin-reflect-1.2.50.jar;C:\Users\Yuki\.gradle\caches\modules-2\files-2.1\org.jetbrains.kotlin\kotlin-scripting-common\1.2.50\21153667cc03f6d39ce8355b7d96aca8e07a5c7b\kotlin-scripting-common-1.2.50.jar;C:\Users\Yuki\.gradle\caches\modules-2\files-2.1\org.jetbrains.kotlin\kotlin-scripting-jvm\1.2.50\c67d7f91d20e22e8dda8101cad1e673d37f86bf9\kotlin-scripting-jvm-1.2.50.jar;C:\Users\Yuki\.gradle\caches\modules-2\files-2.1\org.jetbrains.kotlinx\kotlinx-coroutines-core\0.20\5f3fa9b5b2dc9cfc0d9358d5b2cab154d590a564\kotlinx-coroutines-core-0.20.jar;C:\Program Files\Android Studio\jre\lib\tools.jar
Launcher Type: SUN_STANDARD

Environment Variables:
PATH=C:\Program Files (x86)\Common Files\Oracle\Java\javapath;C:\Windows\system32;C:\Windows;C:\Windows\System32\Wbem;C:\Windows\System32\WindowsPowerShell\v1.0\;C:\Windows\System32\OpenSSH\;C:\Program Files\MacType;C:\Program Files (x86)\NVIDIA Corporation\PhysX\Common;C:\Program Files (x86)\Common Files\Thunder Network\KanKan\Codecs;C:\Program Files\Git\cmd;C:\Program Files\Java\JDK\bin;C:\Program Files\Java\JDK\jre\lib;D:\Android\SDK\platform-tools;C:\Users\Yuki\AppData\Local\Microsoft\WindowsApps;C:\Users\Yuki\AppData\Local\atom\bin
USERNAME=Yuki
OS=Windows_NT
PROCESSOR_IDENTIFIER=Intel64 Family 6 Model 60 Stepping 3, GenuineIntel



---------------  S Y S T E M  ---------------

OS: Windows 10.0 , 64 bit Build 17134 (10.0.17134.1)

CPU:total 8 (initial active 8) (4 cores per cpu, 2 threads per core) family 6 model 60 stepping 3, cmov, cx8, fxsr, mmx, sse, sse2, sse3, ssse3, sse4.1, sse4.2, popcnt, avx, avx2, aes, clmul, erms, lzcnt, ht, tsc, tscinvbit, bmi1, bmi2

Memory: 4k page, physical 14612104k(4291156k free), swap 20233624k(3619480k free)

vm_info: OpenJDK 64-Bit Server VM (25.152-b02) for windows-amd64 JRE (1.8.0_152-release-1024-b02), built by "builder" with MS VC++ 10.0 (VS2010)

time: Tue Jun 26 21:38:12 2018
elapsed time: 30817 seconds (0d 8h 33m 37s)

